  Game.cpp
C:\Program Files\Microsoft Visual Studio\2022\Community\VC\Tools\MSVC\14.43.34808\include\xmemory(732,103): warning C4244: 'argument': conversion from '_Ty' to 'float', possible loss of data
C:\Program Files\Microsoft Visual Studio\2022\Community\VC\Tools\MSVC\14.43.34808\include\xmemory(732,103): warning C4244:         with
C:\Program Files\Microsoft Visual Studio\2022\Community\VC\Tools\MSVC\14.43.34808\include\xmemory(732,103): warning C4244:         [
C:\Program Files\Microsoft Visual Studio\2022\Community\VC\Tools\MSVC\14.43.34808\include\xmemory(732,103): warning C4244:             _Ty=int
C:\Program Files\Microsoft Visual Studio\2022\Community\VC\Tools\MSVC\14.43.34808\include\xmemory(732,103): warning C4244:         ]
  (compiling source file '../Game.cpp')
      C:\Program Files\Microsoft Visual Studio\2022\Community\VC\Tools\MSVC\14.43.34808\include\xmemory(732,103):
      the template instantiation context (the oldest one first) is
          C:\Users\pablo\Documents\Facultad\CompGraf\poryecto1CF\Game.cpp(10,16):
          see reference to function template instantiation 'void std::vector<Block,std::allocator<Block>>::emplace_back<int&,float,int>(int &,float &&,int &&)' being compiled
              C:\Users\pablo\Documents\Facultad\CompGraf\poryecto1CF\Game.cpp(10,28):
              see the first reference to 'std::vector<Block,std::allocator<Block>>::emplace_back' in 'Game::Game'
          C:\Program Files\Microsoft Visual Studio\2022\Community\VC\Tools\MSVC\14.43.34808\include\vector(909,24):
          see reference to function template instantiation '_Ty &std::vector<_Ty,std::allocator<_Ty>>::_Emplace_one_at_back<int&,float,int>(int &,float &&,int &&)' being compiled
          with
          [
              _Ty=Block
          ]
          C:\Program Files\Microsoft Visual Studio\2022\Community\VC\Tools\MSVC\14.43.34808\include\vector(830,20):
          see reference to function template instantiation '_Ty &std::vector<_Ty,std::allocator<_Ty>>::_Emplace_back_with_unused_capacity<int&,float,int>(int &,float &&,int &&)' being compiled
          with
          [
              _Ty=Block
          ]
          C:\Program Files\Microsoft Visual Studio\2022\Community\VC\Tools\MSVC\14.43.34808\include\vector(848,27):
          see reference to function template instantiation 'void std::_Default_allocator_traits<_Alloc>::construct<_Ty,int&,float,int>(_Alloc &,_Objty *const ,int &,float &&,int &&)' being compiled
          with
          [
              _Alloc=std::allocator<Block>,
              _Ty=Block,
              _Objty=Block
          ]
  
C:\Program Files\Microsoft Visual Studio\2022\Community\VC\Tools\MSVC\14.43.34808\include\xmemory(732,103): warning C4244: 'argument': conversion from 'int' to 'float', possible loss of data
  (compiling source file '../Game.cpp')
  
  main.cpp
  Generating code
  0 of 243 functions ( 0.0%) were compiled, the rest were copied from previous compilation.
    0 functions were new in current compilation
    0 functions had inline decision re-evaluated but remain unchanged
  Finished generating code
  OpenGL-basico.vcxproj -> C:\Users\pablo\Documents\Facultad\CompGraf\poryecto1CF\Release\OpenGL-basico.exe
